<?xml version="1.0" encoding="UTF-8"?>
<testng-results ignored="0" total="2" passed="2" failed="0" skipped="0">
  <reporter-output>
  </reporter-output>
  <suite started-at="2025-05-17T10:31:27 IST" name="Suite" finished-at="2025-05-17T10:31:27 IST" duration-ms="327">
    <groups>
    </groups>
    <test started-at="2025-05-17T10:31:27 IST" name="Test" finished-at="2025-05-17T10:31:27 IST" duration-ms="327">
      <class name="utilities.TestClass2">
        <test-method signature="testMethod2()[pri:0, instance:utilities.TestClass2@3ed0918d]" started-at="2025-05-17T10:31:27 IST" name="testMethod2" finished-at="2025-05-17T10:31:27 IST" duration-ms="9" status="PASS">
          <reporter-output>
          </reporter-output>
        </test-method> <!-- testMethod2 -->
      </class> <!-- utilities.TestClass2 -->
      <class name="utilities.TestClass">
        <test-method signature="testMethod()[pri:0, instance:utilities.TestClass@38a1c423]" started-at="2025-05-17T10:31:27 IST" name="testMethod" finished-at="2025-05-17T10:31:27 IST" duration-ms="61" status="PASS">
          <reporter-output>
          </reporter-output>
        </test-method> <!-- testMethod -->
      </class> <!-- utilities.TestClass -->
    </test> <!-- Test -->
  </suite> <!-- Suite -->
</testng-results>
